Simulation parameters:
  Grid size (N): 4000
  Physical length (L): 1.000000
  Total simulation time (T): 1.000000
  Method: 0
  Threads: 8
  Dimensions: 4 x 4
Rank 0: Top=12, Bottom=4, Left=3, Right=1
Rank 2: Top=14, Bottom=6, Left=1, Right=3
Rank 3: Top=15, Bottom=7, Left=2, Right=0
Rank 1: Top=13, Bottom=5, Left=0, Right=2
Rank 7: Top=3, Bottom=11, Left=6, Right=4
Rank 6: Top=2, Bottom=10, Left=5, Right=7
Rank 4: Top=0, Bottom=8, Left=7, Right=5
Rank 5: Top=1, Bottom=9, Left=4, Right=6
Rank 14: Top=10, Bottom=2, Left=13, Right=15
Rank 12: Top=8, Bottom=0, Left=15, Right=13
Rank 13: Top=9, Bottom=1, Left=12, Right=14
Rank 15: Top=11, Bottom=3, Left=14, Right=12
Rank 10: Top=6, Bottom=14, Left=9, Right=11
Rank 11: Top=7, Bottom=15, Left=10, Right=8
Rank 9: Top=5, Bottom=13, Left=8, Right=10
Rank 8: Top=4, Bottom=12, Left=11, Right=9
Rank 0:
  Nx=1000, Ny=1000
  X index range = [0..999], Y index range = [0..999]
  X coord range = [-0.5000..-0.2502]
  Y coord range = [-0.5000..-0.2502]
Rank 1:
  Nx=1000, Ny=1000
  X index range = [0..999], Y index range = [1000..1999]
Rank 2:
  Nx=1000, Ny=1000
  X index range = [0..999], Y index range = [2000..2999]
  X coord range = [-0.5000..-0.2502]
  Y coord range = [-0.2499..-0.0001]
  X coord range = [-0.5000..-0.2502]
  Y coord range = [0.0001..0.2499]
Rank 3:
  Nx=1000, Ny=1000
  X index range = [0..999], Y index range = [3000..3999]
  X coord range = [-0.5000..-0.2502]
  Y coord range = [0.2502..0.5000]
Rank 4:
  Nx=1000, Ny=1000
  X index range = [1000..1999], Y index range = [0..999]
  X coord range = [-0.2499..-0.0001]
  Y coord range = [-0.5000..-0.2502]
Rank 5:
  Nx=1000, Ny=1000
  X index range = [1000..1999], Y index range = [1000..1999]
  X coord range = [-0.2499..-0.0001]
  Y coord range = [-0.2499..-0.0001]
Rank 6:
  Nx=1000, Ny=1000
  X index range = [1000..1999], Y index range = [2000..2999]
Rank 7:
  Nx=1000, Ny=1000
  X index range = [1000..1999], Y index range = [3000..3999]
  X coord range = [-0.2499..-0.0001]
  Y coord range = [0.0001..0.2499]
  X coord range = [-0.2499..-0.0001]
  Y coord range = [0.2502..0.5000]
Rank 10:
  Nx=1000, Ny=1000
  X index range = [2000..2999], Y index range = [2000..2999]
Rank 9:
  Nx=1000, Ny=1000
  X index range = [2000..2999], Y index range = [1000..1999]
Rank 8:
  Nx=1000, Ny=1000
  X index range = [2000..2999], Y index range = [0..999]
  X coord range = [0.0001..0.2499]
  Y coord range = [-0.5000..-0.2502]
  X coord range = [0.0001..0.2499]
  Y coord range = [0.0001..0.2499]
  X coord range = [0.0001..0.2499]
  Y coord range = [-0.2499..-0.0001]
Rank 11:
  Nx=1000, Ny=1000
  X index range = [2000..2999], Y index range = [3000..3999]
  X coord range = [0.0001..0.2499]
  Y coord range = [0.2502..0.5000]
Rank 13:
  Nx=1000, Ny=1000
  X index range = [3000..3999], Y index range = [1000..1999]
  X coord range = [0.2502..0.5000]
  Y coord range = [-0.2499..-0.0001]
Rank 12:
  Nx=1000, Ny=1000
  X index range = [3000..3999], Y index range = [0..999]
Rank 14:
  Nx=1000, Ny=1000
  X index range = [3000..3999], Y index range = [2000..2999]
  X coord range = [0.2502..0.5000]
  Y coord range = [0.0001..0.2499]
  X coord range = [0.2502..0.5000]
  Y coord range = [-0.5000..-0.2502]
Rank 15:
  Nx=1000, Ny=1000
  X index range = [3000..3999], Y index range = [3000..3999]
  X coord range = [0.2502..0.5000]
  Y coord range = [0.2502..0.5000]
Simulation completed. Max time: 12.85 seconds.
Grind rate: 9961018906.88 points per second.
